2022.09.02 13:50:15 INFO  tracing is disabled for protocol LSP, to enable tracing of incoming and outgoing JSON messages create an empty file at /Users/theo/Documents/bridgestars/lib/bridgestars-web/.metals/lsp.trace.json or /Users/theo/Library/Caches/org.scalameta.metals/lsp.trace.json
2022.09.02 13:50:15 INFO  logging to file /Users/theo/Documents/bridgestars/lib/bridgestars-web/.metals/metals.log
2022.09.02 13:50:15 INFO  Started: Metals version 0.11.8 in workspace '/Users/theo/Documents/bridgestars/lib/bridgestars-web' for client Visual Studio Code 1.70.2.
2022.09.02 13:50:17 WARN  Flyway upgrade recommended: H2 2.1.214 is newer than this version of Flyway and support has not been tested. The latest supported version of H2 is 2.1.210.
2022.09.02 13:50:17 INFO  time: initialize in 1.91s
2022.09.02 13:50:19 WARN  Build server is not auto-connectable.
2022.09.02 13:50:19 WARN  no build tool detected in workspace '/Users/theo/Documents/bridgestars/lib/bridgestars-web'. The most common cause for this problem is that the editor was opened in the wrong working directory, for example if you use sbt then the workspace directory should contain build.sbt. 
2022.09.02 13:50:19 WARN  no build target for: /Users/theo/Documents/courses/current/EDAN26-multicore/labs/lab1/preflow.scala
2022.09.02 13:50:24 INFO  no build target found for /Users/theo/Documents/courses/current/EDAN26-multicore/labs/lab1/preflow.scala. Using presentation compiler with project's scala-library version: 3.1.3
2022.09.02 13:50:26 INFO  time: code lens generation in 1.92s
2022.09.02 14:16:16 WARN  no build target for: /Users/theo/Documents/courses/current/EDAN26-multicore/labs/lab1/preflow.scala
2022.09.04 14:02:31 WARN  no build target for: /Users/theo/Documents/courses/current/EDAN26-multicore/labs/lab1/preflow.scala
2022.09.04 14:12:55 WARN  no build target for: /Users/theo/Documents/courses/current/EDAN26-multicore/labs/lab1/preflow.scala
2022.09.04 14:12:55 WARN  no build target for: /Users/theo/Documents/courses/current/EDAN26-multicore/labs/lab1/preflow.scala
2022.09.04 14:12:56 INFO  shutting down Metals
2022.09.11 15:45:30 INFO  tracing is disabled for protocol LSP, to enable tracing of incoming and outgoing JSON messages create an empty file at /Users/theo/Documents/bridgestars/lib/bridgestars-web/.metals/lsp.trace.json or /Users/theo/Library/Caches/org.scalameta.metals/lsp.trace.json
2022.09.11 15:45:30 INFO  logging to file /Users/theo/Documents/bridgestars/lib/bridgestars-web/.metals/metals.log
2022.09.11 15:45:30 INFO  Started: Metals version 0.11.8 in workspace '/Users/theo/Documents/bridgestars/lib/bridgestars-web' for client Visual Studio Code 1.71.0.
2022.09.11 15:45:30 WARN  Flyway upgrade recommended: H2 2.1.214 is newer than this version of Flyway and support has not been tested. The latest supported version of H2 is 2.1.210.
2022.09.11 15:45:31 INFO  time: initialize in 1.19s
2022.09.11 15:45:33 WARN  Build server is not auto-connectable.
2022.09.11 15:45:33 WARN  no build tool detected in workspace '/Users/theo/Documents/bridgestars/lib/bridgestars-web'. The most common cause for this problem is that the editor was opened in the wrong working directory, for example if you use sbt then the workspace directory should contain build.sbt. 
2022.09.11 15:45:33 WARN  no build target for: /Users/theo/Documents/courses/current/EDAN26-multicore/labs/lab1/preflow.scala
2022.09.11 15:45:35 INFO  no build target found for /Users/theo/Documents/courses/current/EDAN26-multicore/labs/lab1/preflow.scala. Using presentation compiler with project's scala-library version: 3.1.3
2022.09.11 15:45:38 INFO  time: code lens generation in 4.96s
2022.09.11 15:45:39 WARN  no build target for: /Users/theo/Documents/courses/current/EDAN26-multicore/labs/lab1/preflow.scala
2022.09.11 18:03:10 INFO  shutting down Metals
